\BOOKMARK [1][-]{section.1}{Introducci\363n}{}% 1
\BOOKMARK [2][-]{subsection.1.1}{Motivaci\363n}{section.1}% 2
\BOOKMARK [2][-]{subsection.1.2}{Situaci\363n inicial}{section.1}% 3
\BOOKMARK [2][-]{subsection.1.3}{Objetivos}{section.1}% 4
\BOOKMARK [2][-]{subsection.1.4}{Procedimiento}{section.1}% 5
\BOOKMARK [2][-]{subsection.1.5}{Historia de la rob\363tica}{section.1}% 6
\BOOKMARK [3][-]{subsubsection.1.5.1}{Actualidad}{subsection.1.5}% 7
\BOOKMARK [1][-]{section.2}{Entorno operacional}{}% 8
\BOOKMARK [2][-]{subsection.2.1}{ROS}{section.2}% 9
\BOOKMARK [3][-]{subsubsection.2.1.1}{Conceptos}{subsection.2.1}% 10
\BOOKMARK [2][-]{subsection.2.2}{Baxter}{section.2}% 11
\BOOKMARK [3][-]{subsubsection.2.2.1}{Introducci\363n}{subsection.2.2}% 12
\BOOKMARK [3][-]{subsubsection.2.2.2}{Componentes hardware}{subsection.2.2}% 13
\BOOKMARK [2][-]{subsection.2.3}{MoveIt! y RViz}{section.2}% 14
\BOOKMARK [2][-]{subsection.2.4}{Modelos de robot}{section.2}% 15
\BOOKMARK [3][-]{subsubsection.2.4.1}{Formato universal de descripci\363n rob\363tica}{subsection.2.4}% 16
\BOOKMARK [3][-]{subsubsection.2.4.2}{Formato sem\341ntico de descripci\363n rob\363tica}{subsection.2.4}% 17
\BOOKMARK [1][-]{section.3}{Gesti\363n del proyecto}{}% 18
\BOOKMARK [2][-]{subsection.3.1}{Metodolog\355a del software}{section.3}% 19
\BOOKMARK [2][-]{subsection.3.2}{Planificaci\363n}{section.3}% 20
\BOOKMARK [2][-]{subsection.3.3}{Presupuesto}{section.3}% 21
\BOOKMARK [3][-]{subsubsection.3.3.1}{Recursos hardware y software}{subsection.3.3}% 22
\BOOKMARK [3][-]{subsubsection.3.3.2}{Recursos humanos}{subsection.3.3}% 23
\BOOKMARK [3][-]{subsubsection.3.3.3}{Coste total}{subsection.3.3}% 24
\BOOKMARK [2][-]{subsection.3.4}{Gesti\363n de problemas}{section.3}% 25
\BOOKMARK [1][-]{section.4}{An\341lisis y dise\361o del sistema}{}% 26
\BOOKMARK [2][-]{subsection.4.1}{Restricciones del sistema}{section.4}% 27
\BOOKMARK [3][-]{subsubsection.4.1.1}{Restricciones hardware}{subsection.4.1}% 28
\BOOKMARK [3][-]{subsubsection.4.1.2}{Restricciones software}{subsection.4.1}% 29
\BOOKMARK [2][-]{subsection.4.2}{Especificaci\363n de casos de uso}{section.4}% 30
\BOOKMARK [3][-]{subsubsection.4.2.1}{Entorno est\341tico}{subsection.4.2}% 31
\BOOKMARK [3][-]{subsubsection.4.2.2}{Entorno din\341mico}{subsection.4.2}% 32
\BOOKMARK [2][-]{subsection.4.3}{Especificaci\363n de requisitos}{section.4}% 33
\BOOKMARK [3][-]{subsubsection.4.3.1}{Requisitos funcionales}{subsection.4.3}% 34
\BOOKMARK [3][-]{subsubsection.4.3.2}{Requisitos no funcionales}{subsection.4.3}% 35
\BOOKMARK [1][-]{section.5}{Dise\361o}{}% 36
\BOOKMARK [2][-]{subsection.5.1}{M\363dulo de reconocimiento}{section.5}% 37
\BOOKMARK [2][-]{subsection.5.2}{M\363dulo de control de Baxter}{section.5}% 38
\BOOKMARK [1][-]{section.6}{Implementaci\363n}{}% 39
\BOOKMARK [2][-]{subsection.6.1}{Esquema general del escenario}{section.6}% 40
\BOOKMARK [2][-]{subsection.6.2}{Visi\363n por computador}{section.6}% 41
\BOOKMARK [3][-]{subsubsection.6.2.1}{Reconocimiento de objetos}{subsection.6.2}% 42
\BOOKMARK [3][-]{subsubsection.6.2.2}{Procesamiento de im\341genes}{subsection.6.2}% 43
\BOOKMARK [2][-]{subsection.6.3}{Procedimientos de control}{section.6}% 44
\BOOKMARK [3][-]{subsubsection.6.3.1}{Pick and place adaptado}{subsection.6.3}% 45
\BOOKMARK [3][-]{subsubsection.6.3.2}{Clasificaci\363n en entorno est\341tico}{subsection.6.3}% 46
\BOOKMARK [3][-]{subsubsection.6.3.3}{Clasificaci\363n en entorno din\341mico con cinta transportadora}{subsection.6.3}% 47
\BOOKMARK [1][-]{section.7}{Pruebas}{}% 48
\BOOKMARK [2][-]{subsection.7.1}{Introducci\363n}{section.7}% 49
\BOOKMARK [2][-]{subsection.7.2}{Medidas de rendimiento}{section.7}% 50
\BOOKMARK [3][-]{subsubsection.7.2.1}{Precisi\363n frente a velocidad en clasificaci\363n din\341mica}{subsection.7.2}% 51
\BOOKMARK [3][-]{subsubsection.7.2.2}{Precisi\363n y exhaustividad}{subsection.7.2}% 52
\BOOKMARK [3][-]{subsubsection.7.2.3}{Rob\363tica adaptativa}{subsection.7.2}% 53
\BOOKMARK [2][-]{subsection.7.3}{Medidas de error}{section.7}% 54
\BOOKMARK [3][-]{subsubsection.7.3.1}{Clasificaci\363n est\341tica}{subsection.7.3}% 55
\BOOKMARK [3][-]{subsubsection.7.3.2}{Clasificaci\363n din\341mica}{subsection.7.3}% 56
\BOOKMARK [1][-]{section.8}{Conclusi\363n}{}% 57
\BOOKMARK [2][-]{subsection.8.1}{Competencias adquiridas}{section.8}% 58
\BOOKMARK [2][-]{subsection.8.2}{Trabajos futuros}{section.8}% 59
\BOOKMARK [1][-]{section.9}{Anexo. Algoritmos de clustering}{}% 60
\BOOKMARK [2][-]{subsection.9.1}{Algoritmo K-means}{section.9}% 61
\BOOKMARK [3][-]{subsubsection.9.1.1}{C\363mo funciona}{subsection.9.1}% 62
\BOOKMARK [3][-]{subsubsection.9.1.2}{Por qu\351 elegir K-means}{subsection.9.1}% 63
